# JRE version: 7.0_25-b15
# Java VM: Java HotSpot(TM) 64-Bit Server VM (23.25-b01 mixed mode bsd-amd64 compressed oops)
Heap
 def new generation   total 4352K, used 1087K [0x0000000106910000, 0x0000000106dc0000, 0x000000010b460000)
  eden space 3904K,  16% used [0x0000000106910000, 0x00000001069afe60, 0x0000000106ce0000)
  from space 448K, 100% used [0x0000000106ce0000, 0x0000000106d50000, 0x0000000106d50000)
  to   space 448K,   0% used [0x0000000106d50000, 0x0000000106d50000, 0x0000000106dc0000)
 tenured generation   total 9664K, used 773K [0x000000010b460000, 0x000000010bdd0000, 0x0000000114b10000)
   the space 9664K,   7% used [0x000000010b460000, 0x000000010b521400, 0x000000010b521400, 0x000000010bdd0000)
 compacting perm gen  total 21248K, used 5858K [0x0000000114b10000, 0x0000000115fd0000, 0x0000000119d10000)
   the space 21248K,  27% used [0x0000000114b10000, 0x00000001150c8ba8, 0x00000001150c8c00, 0x0000000115fd0000)
GC Heap History (4 events):
Event: 0.255 GC heap before
{Heap before GC invocations=0 (full 0):
 def new generation   total 4352K, used 3904K [0x0000000106910000, 0x0000000106dc0000, 0x000000010b460000)
  eden space 3904K, 100% used [0x0000000106910000, 0x0000000106ce0000, 0x0000000106ce0000)
  from space 448K,   0% used [0x0000000106ce0000, 0x0000000106ce0000, 0x0000000106d50000)
  to   space 448K,   0% used [0x0000000106d50000, 0x0000000106d50000, 0x0000000106dc0000)
 tenured generation   total 9664K, used 0K [0x000000010b460000, 0x000000010bdd0000, 0x0000000114b10000)
   the space 9664K,   0% used [0x000000010b460000, 0x000000010b460000, 0x000000010b460200, 0x000000010bdd0000)
 compacting perm gen  total 21248K, used 3685K [0x0000000114b10000, 0x0000000115fd0000, 0x0000000119d10000)
   the space 21248K,  17% used [0x0000000114b10000, 0x0000000114ea94d0, 0x0000000114ea9600, 0x0000000115fd0000)
No shared spaces configured.
Event: 0.260 GC heap after
Heap after GC invocations=1 (full 0):
 def new generation   total 4352K, used 448K [0x0000000106910000, 0x0000000106dc0000, 0x000000010b460000)
  eden space 3904K,   0% used [0x0000000106910000, 0x0000000106910000, 0x0000000106ce0000)
  from space 448K, 100% used [0x0000000106d50000, 0x0000000106dc0000, 0x0000000106dc0000)
  to   space 448K,   0% used [0x0000000106ce0000, 0x0000000106ce0000, 0x0000000106d50000)
 tenured generation   total 9664K, used 264K [0x000000010b460000, 0x000000010bdd0000, 0x0000000114b10000)
   the space 9664K,   2% used [0x000000010b460000, 0x000000010b4a2370, 0x000000010b4a2400, 0x000000010bdd0000)
 compacting perm gen  total 21248K, used 3685K [0x0000000114b10000, 0x0000000115fd0000, 0x0000000119d10000)
   the space 21248K,  17% used [0x0000000114b10000, 0x0000000114ea94d0, 0x0000000114ea9600, 0x0000000115fd0000)
No shared spaces configured.
}
Event: 5.642 GC heap before
{Heap before GC invocations=1 (full 0):
 def new generation   total 4352K, used 4352K [0x0000000106910000, 0x0000000106dc0000, 0x000000010b460000)
  eden space 3904K, 100% used [0x0000000106910000, 0x0000000106ce0000, 0x0000000106ce0000)
  from space 448K, 100% used [0x0000000106d50000, 0x0000000106dc0000, 0x0000000106dc0000)
  to   space 448K,   0% used [0x0000000106ce0000, 0x0000000106ce0000, 0x0000000106d50000)
 tenured generation   total 9664K, used 264K [0x000000010b460000, 0x000000010bdd0000, 0x0000000114b10000)
   the space 9664K,   2% used [0x000000010b460000, 0x000000010b4a2370, 0x000000010b4a2400, 0x000000010bdd0000)
 compacting perm gen  total 21248K, used 5754K [0x0000000114b10000, 0x0000000115fd0000, 0x0000000119d10000)
   the space 21248K,  27% used [0x0000000114b10000, 0x00000001150aeaf8, 0x00000001150aec00, 0x0000000115fd0000)
No shared spaces configured.
Event: 5.650 GC heap after
Heap after GC invocations=2 (full 0):
 def new generation   total 4352K, used 448K [0x0000000106910000, 0x0000000106dc0000, 0x000000010b460000)
  eden space 3904K,   0% used [0x0000000106910000, 0x0000000106910000, 0x0000000106ce0000)
  from space 448K, 100% used [0x0000000106ce0000, 0x0000000106d50000, 0x0000000106d50000)
  to   space 448K,   0% used [0x0000000106d50000, 0x0000000106d50000, 0x0000000106dc0000)
 tenured generation   total 9664K, used 773K [0x000000010b460000, 0x000000010bdd0000, 0x0000000114b10000)
   the space 9664K,   7% used [0x000000010b460000, 0x000000010b521400, 0x000000010b521400, 0x000000010bdd0000)
 compacting perm gen  total 21248K, used 5754K [0x0000000114b10000, 0x0000000115fd0000, 0x0000000119d10000)
   the space 21248K,  27% used [0x0000000114b10000, 0x00000001150aeaf8, 0x00000001150aec00, 0x0000000115fd0000)
No shared spaces configured.
}

